{"name": "test_calculator[5-7-9]", "status": "failed", "statusDetails": {"message": "AssertionError: assert 12 == 9\n +  where 12 = <function add_sum at 0x00000196EAF37C40>(5, 7)\n +    where <function add_sum at 0x00000196EAF37C40> = calculator_08.add_sum", "trace": "x = 5, y = 7, expected = 9\n\n    @pytest.mark.parametrize(\"x, y, expected\", data)\n    def test_calculator(x , y, expected):\n>       assert calculator_08.add_sum(x, y) == expected\nE       assert 12 == 9\nE        +  where 12 = <function add_sum at 0x00000196EAF37C40>(5, 7)\nE        +    where <function add_sum at 0x00000196EAF37C40> = calculator_08.add_sum\n\ntests\\test_calculator_08.py:7: AssertionError"}, "parameters": [{"name": "x", "value": "5"}, {"name": "y", "value": "7"}, {"name": "expected", "value": "9"}], "start": 1736980148332, "stop": 1736980148332, "uuid": "a30d9410-ce77-4caf-8e6d-e89588d8f2c2", "historyId": "35d1784edd4ba0bab9dc73d303ad278e", "testCaseId": "b1df44ec2cf6ca650d87e936d02c4be9", "fullName": "tests.test_calculator_08#test_calculator", "labels": [{"name": "parentSuite", "value": "tests"}, {"name": "suite", "value": "test_calculator_08"}, {"name": "host", "value": "Mali_Vaknin"}, {"name": "thread", "value": "4676-MainThread"}, {"name": "framework", "value": "pytest"}, {"name": "language", "value": "cpython3"}, {"name": "package", "value": "tests.test_calculator_08"}]}